{"level":"info","message":"WebSocket Server initialized on /ws path","timestamp":"2026-06-17 00:15:25"}
{"level":"info","message":"BlockchainService initialized contract at 0x5FbDB2315678afecb367f032d93F642f64180aa3 with Admin Signer","timestamp":"2026-06-17 00:15:26"}
{"level":"info","message":"Subscribed to block events","timestamp":"2026-06-17 00:15:26"}
{"level":"info","message":"Subscribed to ERC20 contract Transfer events","timestamp":"2026-06-17 00:15:26"}
{"level":"info","message":"Sukhoi Backend API & WebSocket Server running on port 3001","timestamp":"2026-06-17 00:15:26"}
{"level":"info","message":"New Transfer detected: 0x0000000000000000000000000000000000000000 -> 0xf39Fd6e51aad88F6F4ce6aB8827279cffFb92266 (500000000.0 SKH)","timestamp":"2026-06-17 00:15:26"}
{"level":"info","message":"New Transfer detected: 0x0000000000000000000000000000000000000000 -> 0x5FbDB2315678afecb367f032d93F642f64180aa3 (500000000.0 SKH)","timestamp":"2026-06-17 00:15:26"}
{"level":"info","message":"New WebSocket connection established from IP: ::1","timestamp":"2026-06-17 00:16:02"}
{"level":"info","message":"WebSocket connection closed. Active clients: 0","timestamp":"2026-06-17 00:16:02"}
{"level":"info","message":"New WebSocket connection established from IP: ::1","timestamp":"2026-06-17 00:16:03"}
{"level":"info","message":"New WebSocket connection established from IP: ::1","timestamp":"2026-06-17 00:16:25"}
{"level":"info","message":"WebSocket connection closed. Active clients: 1","timestamp":"2026-06-17 00:16:25"}
{"level":"info","message":"New WebSocket connection established from IP: ::1","timestamp":"2026-06-17 00:16:26"}
{"address":"0x49bdD293B744DE1B4CACd7C490274e82856bd420","level":"info","message":"New HD wallet created","timestamp":"2026-06-17 00:16:30"}
{"level":"info","message":"WebSocket connection closed. Active clients: 1","timestamp":"2026-06-17 00:16:35"}
{"level":"info","message":"New WebSocket connection established from IP: ::1","timestamp":"2026-06-17 00:16:35"}
{"level":"info","message":"WebSocket connection closed. Active clients: 1","timestamp":"2026-06-17 00:16:35"}
{"level":"info","message":"New WebSocket connection established from IP: ::1","timestamp":"2026-06-17 00:16:36"}
{"level":"warn","message":"Admin login attempt failed: incorrect password","timestamp":"2026-06-17 00:17:33","username":"admin"}
{"level":"info","message":"WebSocket connection closed. Active clients: 1","timestamp":"2026-06-17 00:17:33"}
{"level":"info","message":"New WebSocket connection established from IP: ::1","timestamp":"2026-06-17 00:17:33"}
{"level":"info","message":"WebSocket connection closed. Active clients: 1","timestamp":"2026-06-17 00:17:33"}
{"level":"info","message":"New WebSocket connection established from IP: ::1","timestamp":"2026-06-17 00:17:34"}
{"level":"warn","message":"Admin login attempt failed: incorrect password","timestamp":"2026-06-17 00:17:54","username":"admin"}
{"level":"info","message":"WebSocket connection closed. Active clients: 1","timestamp":"2026-06-17 00:17:54"}
{"level":"info","message":"New WebSocket connection established from IP: ::1","timestamp":"2026-06-17 00:17:54"}
{"level":"info","message":"WebSocket connection closed. Active clients: 1","timestamp":"2026-06-17 00:17:54"}
{"level":"info","message":"New WebSocket connection established from IP: ::1","timestamp":"2026-06-17 00:17:55"}
{"level":"info","message":"WebSocket Server initialized on /ws path","timestamp":"2026-06-17 00:19:05"}
{"level":"info","message":"BlockchainService initialized contract at 0x5FbDB2315678afecb367f032d93F642f64180aa3 with Admin Signer","timestamp":"2026-06-17 00:19:05"}
{"level":"info","message":"Subscribed to block events","timestamp":"2026-06-17 00:19:05"}
{"level":"info","message":"Subscribed to ERC20 contract Transfer events","timestamp":"2026-06-17 00:19:05"}
{"level":"info","message":"Sukhoi Backend API & WebSocket Server running on port 3001","timestamp":"2026-06-17 00:19:05"}
{"level":"info","message":"New Transfer detected: 0x0000000000000000000000000000000000000000 -> 0xf39Fd6e51aad88F6F4ce6aB8827279cffFb92266 (500000000.0 SKH)","timestamp":"2026-06-17 00:19:05"}
{"level":"info","message":"New Transfer detected: 0x0000000000000000000000000000000000000000 -> 0x5FbDB2315678afecb367f032d93F642f64180aa3 (500000000.0 SKH)","timestamp":"2026-06-17 00:19:05"}
{"level":"info","message":"New WebSocket connection established from IP: ::1","timestamp":"2026-06-17 00:19:07"}
{"level":"info","message":"New WebSocket connection established from IP: ::1","timestamp":"2026-06-17 00:19:07"}
{"level":"info","message":"WebSocket connection closed. Active clients: 1","timestamp":"2026-06-17 00:19:34"}
{"level":"info","message":"New WebSocket connection established from IP: ::1","timestamp":"2026-06-17 00:19:35"}
{"level":"info","message":"WebSocket connection closed. Active clients: 1","timestamp":"2026-06-17 00:19:35"}
{"level":"info","message":"New WebSocket connection established from IP: ::1","timestamp":"2026-06-17 00:19:36"}
{"level":"info","message":"WebSocket connection closed. Active clients: 1","timestamp":"2026-06-17 00:19:36"}
{"level":"info","message":"New WebSocket connection established from IP: ::1","timestamp":"2026-06-17 00:19:36"}
{"level":"info","message":"WebSocket connection closed. Active clients: 1","timestamp":"2026-06-17 00:19:36"}
{"level":"info","message":"New WebSocket connection established from IP: ::1","timestamp":"2026-06-17 00:19:37"}
{"level":"info","message":"Admin logged in successfully","timestamp":"2026-06-17 00:19:43","username":"admin"}
{"level":"info","message":"WebSocket connection closed. Active clients: 1","timestamp":"2026-06-17 00:20:17"}
{"level":"info","message":"New WebSocket connection established from IP: ::1","timestamp":"2026-06-17 00:20:18"}
{"level":"info","message":"WebSocket connection closed. Active clients: 1","timestamp":"2026-06-17 00:21:28"}
{"level":"info","message":"New WebSocket connection established from IP: ::1","timestamp":"2026-06-17 00:21:29"}
{"level":"info","message":"WebSocket connection closed. Active clients: 1","timestamp":"2026-06-17 00:21:29"}
{"level":"info","message":"New WebSocket connection established from IP: ::1","timestamp":"2026-06-17 00:21:30"}
{"level":"info","message":"WebSocket connection closed. Active clients: 1","timestamp":"2026-06-17 00:23:57"}
{"level":"info","message":"New WebSocket connection established from IP: ::1","timestamp":"2026-06-17 00:23:57"}
{"level":"info","message":"WebSocket connection closed. Active clients: 1","timestamp":"2026-06-17 00:23:57"}
{"level":"info","message":"New WebSocket connection established from IP: ::1","timestamp":"2026-06-17 00:23:58"}
{"level":"info","message":"WebSocket connection closed. Active clients: 1","timestamp":"2026-06-17 00:26:17"}
{"level":"info","message":"New WebSocket connection established from IP: ::1","timestamp":"2026-06-17 00:26:18"}
{"level":"info","message":"WebSocket connection closed. Active clients: 1","timestamp":"2026-06-17 00:26:18"}
{"level":"info","message":"New WebSocket connection established from IP: ::1","timestamp":"2026-06-17 00:26:19"}
{"address":"0xfdF8d918FE253d0C658c12E68679bB76f6df53dF","level":"info","message":"New HD wallet created","timestamp":"2026-06-17 00:26:26"}
{"level":"info","message":"WebSocket connection closed. Active clients: 1","timestamp":"2026-06-17 00:26:30"}
{"level":"info","message":"New WebSocket connection established from IP: ::1","timestamp":"2026-06-17 00:26:30"}
{"level":"info","message":"WebSocket connection closed. Active clients: 1","timestamp":"2026-06-17 00:26:30"}
{"level":"info","message":"New WebSocket connection established from IP: ::1","timestamp":"2026-06-17 00:26:31"}
{"level":"info","message":"WebSocket connection closed. Active clients: 1","timestamp":"2026-06-17 00:26:33"}
{"level":"info","message":"New WebSocket connection established from IP: ::1","timestamp":"2026-06-17 00:26:33"}
{"level":"info","message":"WebSocket connection closed. Active clients: 1","timestamp":"2026-06-17 00:26:33"}
{"level":"info","message":"New WebSocket connection established from IP: ::1","timestamp":"2026-06-17 00:26:34"}
{"hash":"[REDACTED]","level":"info","message":"New block mined: #2","timestamp":"2026-06-17 00:26:39","txCount":1}
{"level":"info","message":"WebSocket connection closed. Active clients: 1","timestamp":"2026-06-17 00:26:39"}
{"level":"info","message":"New WebSocket connection established from IP: ::1","timestamp":"2026-06-17 00:26:40"}
{"level":"info","message":"WebSocket connection closed. Active clients: 1","timestamp":"2026-06-17 00:26:40"}
{"level":"info","message":"New WebSocket connection established from IP: ::1","timestamp":"2026-06-17 00:26:41"}
{"level":"info","message":"WebSocket connection closed. Active clients: 1","timestamp":"2026-06-17 00:26:44"}
{"level":"info","message":"New WebSocket connection established from IP: ::1","timestamp":"2026-06-17 00:26:44"}
{"level":"info","message":"WebSocket connection closed. Active clients: 1","timestamp":"2026-06-17 00:26:44"}
{"level":"info","message":"New WebSocket connection established from IP: ::1","timestamp":"2026-06-17 00:26:45"}
{"level":"info","message":"WebSocket connection closed. Active clients: 1","timestamp":"2026-06-17 00:26:48"}
{"level":"info","message":"New WebSocket connection established from IP: ::1","timestamp":"2026-06-17 00:26:48"}
{"level":"info","message":"WebSocket connection closed. Active clients: 1","timestamp":"2026-06-17 00:26:48"}
{"level":"info","message":"New WebSocket connection established from IP: ::1","timestamp":"2026-06-17 00:26:49"}
{"level":"info","message":"WebSocket connection closed. Active clients: 1","timestamp":"2026-06-17 00:27:30"}
{"level":"info","message":"New WebSocket connection established from IP: ::1","timestamp":"2026-06-17 00:27:30"}
{"level":"info","message":"WebSocket connection closed. Active clients: 1","timestamp":"2026-06-17 00:27:30"}
{"level":"info","message":"New WebSocket connection established from IP: ::1","timestamp":"2026-06-17 00:27:32"}
{"level":"info","message":"WebSocket connection closed. Active clients: 1","timestamp":"2026-06-17 00:27:35"}
{"level":"info","message":"New WebSocket connection established from IP: ::1","timestamp":"2026-06-17 00:27:36"}
{"level":"info","message":"WebSocket connection closed. Active clients: 1","timestamp":"2026-06-17 00:27:36"}
{"level":"info","message":"New WebSocket connection established from IP: ::1","timestamp":"2026-06-17 00:27:37"}
{"level":"info","message":"WebSocket Server initialized on /ws path","timestamp":"2026-06-17 00:28:25"}
{"level":"info","message":"BlockchainService initialized contract at 0x5FbDB2315678afecb367f032d93F642f64180aa3 with Admin Signer","timestamp":"2026-06-17 00:28:25"}
{"level":"info","message":"Subscribed to block events","timestamp":"2026-06-17 00:28:25"}
{"level":"info","message":"Subscribed to ERC20 contract Transfer events","timestamp":"2026-06-17 00:28:25"}
{"level":"info","message":"Sukhoi Backend API & WebSocket Server running on port 3001","timestamp":"2026-06-17 00:28:25"}
{"level":"info","message":"New Transfer detected: 0x0000000000000000000000000000000000000000 -> 0xf39Fd6e51aad88F6F4ce6aB8827279cffFb92266 (500000000.0 SKH)","timestamp":"2026-06-17 00:28:25"}
{"level":"info","message":"New Transfer detected: 0x0000000000000000000000000000000000000000 -> 0x5FbDB2315678afecb367f032d93F642f64180aa3 (500000000.0 SKH)","timestamp":"2026-06-17 00:28:25"}
{"level":"info","message":"New WebSocket connection established from IP: ::1","timestamp":"2026-06-17 00:28:27"}
{"level":"info","message":"WebSocket connection closed. Active clients: 0","timestamp":"2026-06-17 00:28:27"}
{"level":"info","message":"New WebSocket connection established from IP: ::1","timestamp":"2026-06-17 00:28:28"}
{"level":"info","message":"New WebSocket connection established from IP: ::1","timestamp":"2026-06-17 00:28:28"}
{"level":"info","message":"WebSocket connection closed. Active clients: 1","timestamp":"2026-06-17 00:28:31"}
{"level":"info","message":"New WebSocket connection established from IP: ::1","timestamp":"2026-06-17 00:28:31"}
{"level":"info","message":"WebSocket connection closed. Active clients: 1","timestamp":"2026-06-17 00:28:31"}
{"level":"info","message":"New WebSocket connection established from IP: ::1","timestamp":"2026-06-17 00:28:32"}
{"address":"0x5c3052D1488DC1900D4729AC68ee631CB3231e9D","level":"info","message":"New HD wallet created","timestamp":"2026-06-17 00:28:44"}
{"level":"info","message":"WebSocket connection closed. Active clients: 1","timestamp":"2026-06-17 00:28:46"}
{"level":"info","message":"New WebSocket connection established from IP: ::1","timestamp":"2026-06-17 00:28:46"}
{"level":"info","message":"WebSocket connection closed. Active clients: 1","timestamp":"2026-06-17 00:28:46"}
{"level":"info","message":"New WebSocket connection established from IP: ::1","timestamp":"2026-06-17 00:28:47"}
{"level":"info","message":"WebSocket connection closed. Active clients: 1","timestamp":"2026-06-17 00:29:32"}
{"level":"info","message":"New WebSocket connection established from IP: ::1","timestamp":"2026-06-17 00:29:38"}
{"level":"info","message":"WebSocket connection closed. Active clients: 1","timestamp":"2026-06-17 00:29:38"}
{"level":"info","message":"New WebSocket connection established from IP: ::1","timestamp":"2026-06-17 00:29:39"}
{"level":"info","message":"New WebSocket connection established from IP: ::1","timestamp":"2026-06-17 00:29:43"}
{"level":"info","message":"WebSocket connection closed. Active clients: 2","timestamp":"2026-06-17 00:29:43"}
{"level":"info","message":"New WebSocket connection established from IP: ::1","timestamp":"2026-06-17 00:29:44"}
{"address":"0xA99B2dfE8f226e512EB47aa86318752bb54f4ed6","level":"info","message":"New HD wallet created","timestamp":"2026-06-17 00:29:46"}
{"level":"info","message":"WebSocket connection closed. Active clients: 2","timestamp":"2026-06-17 00:29:58"}
{"level":"info","message":"New WebSocket connection established from IP: ::1","timestamp":"2026-06-17 00:29:58"}
{"level":"info","message":"WebSocket connection closed. Active clients: 2","timestamp":"2026-06-17 00:29:58"}
{"level":"info","message":"New WebSocket connection established from IP: ::1","timestamp":"2026-06-17 00:29:59"}
{"address":"0x2EF20EE5636EB8D37502462B898ea5b13FaCb8c4","level":"info","message":"New HD wallet created","timestamp":"2026-06-17 00:30:15"}
{"level":"info","message":"WebSocket connection closed. Active clients: 2","timestamp":"2026-06-17 00:30:17"}
{"level":"info","message":"New WebSocket connection established from IP: ::1","timestamp":"2026-06-17 00:30:17"}
{"level":"info","message":"WebSocket connection closed. Active clients: 2","timestamp":"2026-06-17 00:30:17"}
{"level":"info","message":"New WebSocket connection established from IP: ::1","timestamp":"2026-06-17 00:30:18"}
{"hash":"[REDACTED]","level":"info","message":"New block mined: #2","timestamp":"2026-06-17 00:32:40","txCount":1}
{"level":"info","message":"WebSocket Server initialized on /ws path","timestamp":"2026-06-17 00:34:42"}
{"level":"info","message":"BlockchainService initialized contract at 0x5FbDB2315678afecb367f032d93F642f64180aa3 with Admin Signer","timestamp":"2026-06-17 00:34:42"}
{"level":"info","message":"Subscribed to block events","timestamp":"2026-06-17 00:34:42"}
{"level":"info","message":"Subscribed to ERC20 contract Transfer events","timestamp":"2026-06-17 00:34:42"}
{"level":"info","message":"Sukhoi Backend API & WebSocket Server running on port 3001","timestamp":"2026-06-17 00:34:42"}
{"level":"info","message":"New Transfer detected: 0x0000000000000000000000000000000000000000 -> 0xf39Fd6e51aad88F6F4ce6aB8827279cffFb92266 (250.0 SKH)","timestamp":"2026-06-17 00:34:42"}
{"level":"info","message":"New Transfer detected: 0x0000000000000000000000000000000000000000 -> 0x5FbDB2315678afecb367f032d93F642f64180aa3 (250.0 SKH)","timestamp":"2026-06-17 00:34:42"}
{"level":"info","message":"New WebSocket connection established from IP: ::1","timestamp":"2026-06-17 00:34:44"}
{"level":"info","message":"New WebSocket connection established from IP: ::1","timestamp":"2026-06-17 00:34:45"}
{"level":"info","message":"New WebSocket connection established from IP: ::1","timestamp":"2026-06-17 00:34:47"}
{"level":"info","message":"WebSocket connection closed. Active clients: 2","timestamp":"2026-06-17 00:38:26"}
{"level":"info","message":"New WebSocket connection established from IP: ::1","timestamp":"2026-06-17 00:38:27"}
{"level":"info","message":"WebSocket connection closed. Active clients: 2","timestamp":"2026-06-17 00:38:27"}
{"level":"info","message":"New WebSocket connection established from IP: ::1","timestamp":"2026-06-17 00:38:28"}
{"level":"info","message":"WebSocket connection closed. Active clients: 2","timestamp":"2026-06-17 00:38:29"}
{"level":"info","message":"WebSocket connection closed. Active clients: 1","timestamp":"2026-06-17 00:38:29"}
{"level":"info","message":"New WebSocket connection established from IP: ::1","timestamp":"2026-06-17 00:38:30"}
{"level":"info","message":"WebSocket connection closed. Active clients: 1","timestamp":"2026-06-17 00:38:30"}
{"level":"info","message":"New WebSocket connection established from IP: ::1","timestamp":"2026-06-17 00:38:30"}
{"level":"info","message":"WebSocket connection closed. Active clients: 1","timestamp":"2026-06-17 00:38:30"}
{"level":"info","message":"New WebSocket connection established from IP: ::1","timestamp":"2026-06-17 00:38:31"}
{"level":"info","message":"New WebSocket connection established from IP: ::1","timestamp":"2026-06-17 00:38:31"}
{"hash":"[REDACTED]","level":"info","message":"New block mined: #2","timestamp":"2026-06-17 00:38:44","txCount":1}
{"amount":"22","level":"info","message":"Mint transaction submitted: [REDACTED]","timestamp":"2026-06-17 00:38:44","to":"0x2EF20EE5636EB8D37502462B898ea5b13FaCb8c4"}
{"level":"info","message":"New Transfer detected: 0x0000000000000000000000000000000000000000 -> 0x2EF20EE5636EB8D37502462B898ea5b13FaCb8c4 (22.0 SKH)","timestamp":"2026-06-17 00:38:47"}
{"level":"info","message":"WebSocket connection closed. Active clients: 2","timestamp":"2026-06-17 00:39:40"}
{"level":"info","message":"New WebSocket connection established from IP: ::1","timestamp":"2026-06-17 00:39:40"}
{"level":"info","message":"WebSocket connection closed. Active clients: 2","timestamp":"2026-06-17 00:39:40"}
{"level":"info","message":"New WebSocket connection established from IP: ::1","timestamp":"2026-06-17 00:39:41"}
{"hash":"[REDACTED]","level":"info","message":"New block mined: #3","timestamp":"2026-06-17 00:40:53","txCount":1}
{"amount":"11","level":"info","message":"Mint transaction submitted: [REDACTED]","timestamp":"2026-06-17 00:40:53","to":"0x2EF20EE5636EB8D37502462B898ea5b13FaCb8c4"}
{"level":"info","message":"New Transfer detected: 0x0000000000000000000000000000000000000000 -> 0x2EF20EE5636EB8D37502462B898ea5b13FaCb8c4 (11.0 SKH)","timestamp":"2026-06-17 00:40:56"}
{"level":"info","message":"WebSocket connection closed. Active clients: 2","timestamp":"2026-06-17 00:41:03"}
{"level":"info","message":"WebSocket Server initialized on /ws path","timestamp":"2026-06-17 00:52:45"}
{"level":"info","message":"BlockchainService initialized contract at 0x5FbDB2315678afecb367f032d93F642f64180aa3 with Admin Signer","timestamp":"2026-06-17 00:52:45"}
{"level":"info","message":"Subscribed to block events","timestamp":"2026-06-17 00:52:45"}
{"level":"info","message":"Subscribed to ERC20 contract Transfer events","timestamp":"2026-06-17 00:52:45"}
{"level":"info","message":"Sukhoi Backend API & WebSocket Server running on port 3001","timestamp":"2026-06-17 00:52:45"}
{"level":"info","message":"New Transfer detected: 0x0000000000000000000000000000000000000000 -> 0xf39Fd6e51aad88F6F4ce6aB8827279cffFb92266 (250.0 SKH)","timestamp":"2026-06-17 00:52:45"}
{"level":"info","message":"New Transfer detected: 0x0000000000000000000000000000000000000000 -> 0x5FbDB2315678afecb367f032d93F642f64180aa3 (250.0 SKH)","timestamp":"2026-06-17 00:52:45"}
{"level":"info","message":"New WebSocket connection established from IP: ::1","timestamp":"2026-06-17 00:53:37"}
{"level":"info","message":"WebSocket connection closed. Active clients: 0","timestamp":"2026-06-17 00:53:37"}
{"level":"info","message":"New WebSocket connection established from IP: ::1","timestamp":"2026-06-17 00:53:38"}
{"level":"info","message":"New WebSocket connection established from IP: ::1","timestamp":"2026-06-17 00:53:40"}
{"level":"info","message":"WebSocket connection closed. Active clients: 1","timestamp":"2026-06-17 00:53:40"}
{"level":"info","message":"New WebSocket connection established from IP: ::1","timestamp":"2026-06-17 00:53:41"}
{"level":"info","message":"WebSocket connection closed. Active clients: 1","timestamp":"2026-06-17 00:53:41"}
{"level":"info","message":"New WebSocket connection established from IP: ::1","timestamp":"2026-06-17 00:53:41"}
{"level":"info","message":"New WebSocket connection established from IP: ::1","timestamp":"2026-06-17 00:53:42"}
{"level":"info","message":"WebSocket connection closed. Active clients: 2","timestamp":"2026-06-17 00:53:59"}
{"level":"info","message":"New WebSocket connection established from IP: ::1","timestamp":"2026-06-17 00:53:59"}
{"level":"info","message":"WebSocket connection closed. Active clients: 2","timestamp":"2026-06-17 00:53:59"}
{"level":"info","message":"New WebSocket connection established from IP: ::1","timestamp":"2026-06-17 00:54:00"}
{"address":"0x789D517135120D2572193C6f8dE532a43B0DF5d8","level":"info","message":"New HD wallet created","timestamp":"2026-06-17 00:54:59"}
{"level":"info","message":"WebSocket connection closed. Active clients: 2","timestamp":"2026-06-17 00:55:01"}
{"level":"info","message":"New WebSocket connection established from IP: ::1","timestamp":"2026-06-17 00:55:01"}
{"level":"info","message":"WebSocket connection closed. Active clients: 2","timestamp":"2026-06-17 00:55:01"}
{"level":"info","message":"New WebSocket connection established from IP: ::1","timestamp":"2026-06-17 00:55:02"}
{"address":"0x1281E1D3C6A48765e69729767dBC0bA620b29c20","level":"info","message":"New HD wallet created","timestamp":"2026-06-17 00:55:05"}
{"level":"info","message":"WebSocket connection closed. Active clients: 2","timestamp":"2026-06-17 00:55:07"}
{"level":"info","message":"New WebSocket connection established from IP: ::1","timestamp":"2026-06-17 00:55:07"}
{"level":"info","message":"WebSocket connection closed. Active clients: 2","timestamp":"2026-06-17 00:55:07"}
{"level":"info","message":"New WebSocket connection established from IP: ::1","timestamp":"2026-06-17 00:55:08"}
{"level":"info","message":"WebSocket connection closed. Active clients: 2","timestamp":"2026-06-17 01:14:26"}
{"level":"info","message":"New WebSocket connection established from IP: ::1","timestamp":"2026-06-17 01:14:27"}
{"level":"info","message":"WebSocket connection closed. Active clients: 2","timestamp":"2026-06-17 01:14:27"}
{"level":"info","message":"New WebSocket connection established from IP: ::1","timestamp":"2026-06-17 01:14:28"}
{"level":"info","message":"WebSocket connection closed. Active clients: 2","timestamp":"2026-06-17 01:14:29"}
{"level":"info","message":"WebSocket connection closed. Active clients: 1","timestamp":"2026-06-17 01:24:47"}
{"level":"info","message":"WebSocket connection closed. Active clients: 0","timestamp":"2026-06-17 01:24:47"}
{"level":"info","message":"New WebSocket connection established from IP: ::1","timestamp":"2026-06-17 01:29:20"}
{"level":"info","message":"New WebSocket connection established from IP: ::1","timestamp":"2026-06-17 01:29:20"}
{"level":"info","message":"WebSocket connection closed. Active clients: 1","timestamp":"2026-06-17 01:31:47"}
{"level":"info","message":"New WebSocket connection established from IP: ::1","timestamp":"2026-06-17 01:31:48"}
{"level":"info","message":"WebSocket connection closed. Active clients: 1","timestamp":"2026-06-17 01:31:48"}
{"level":"info","message":"WebSocket connection closed. Active clients: 0","timestamp":"2026-06-17 01:31:48"}
{"level":"info","message":"New WebSocket connection established from IP: ::1","timestamp":"2026-06-17 01:31:48"}
{"level":"info","message":"WebSocket connection closed. Active clients: 0","timestamp":"2026-06-17 01:31:48"}
{"level":"info","message":"New WebSocket connection established from IP: ::1","timestamp":"2026-06-17 01:31:49"}
{"level":"info","message":"New WebSocket connection established from IP: ::1","timestamp":"2026-06-17 01:31:51"}
{"address":"0xB1B4e6C6F9d3F8035b85e2946816c946aB277f3b","level":"info","message":"New HD wallet created","timestamp":"2026-06-17 01:31:53"}
{"level":"info","message":"WebSocket connection closed. Active clients: 1","timestamp":"2026-06-17 01:31:54"}
{"level":"info","message":"New WebSocket connection established from IP: ::1","timestamp":"2026-06-17 01:31:54"}
{"level":"info","message":"WebSocket connection closed. Active clients: 1","timestamp":"2026-06-17 01:31:54"}
{"level":"info","message":"New WebSocket connection established from IP: ::1","timestamp":"2026-06-17 01:31:55"}
{"address":"0xBD98D3341C73Cd9628C91CEf819790740881D178","level":"info","message":"New HD wallet created","timestamp":"2026-06-17 01:32:09"}
{"level":"info","message":"WebSocket connection closed. Active clients: 1","timestamp":"2026-06-17 01:32:10"}
{"level":"info","message":"New WebSocket connection established from IP: ::1","timestamp":"2026-06-17 01:32:11"}
{"level":"info","message":"Reserve empty. Transferring 5555 SKH from Admin wallet to 0xBD98D3341C73Cd9628C91CEf819790740881D178","timestamp":"2026-06-17 01:32:36"}
{"action":"estimateGas","code":"CALL_EXCEPTION","data":"[REDACTED]ffb9226600000000000000000000000000000000000000000000000d8d726b7177a8000000000000000000000000000000000000000000000000012d231c7c593eec0000","info":{"error":{"code":-32603,"data":{"data":"[REDACTED]ffb9226600000000000000000000000000000000000000000000000d8d726b7177a8000000000000000000000000000000000000000000000000012d231c7c593eec0000","message":"Error: VM Exception while processing transaction: reverted with custom error 'ERC20InsufficientBalance(\"0xf39Fd6e51aad88F6F4ce6aB8827279cffFb92266\", 250000000000000000000, 5555000000000000000000)'"},"message":"Error: VM Exception while processing transaction: reverted with custom error 'ERC20InsufficientBalance(\"0xf39Fd6e51aad88F6F4ce6aB8827279cffFb92266\", 250000000000000000000, 5555000000000000000000)'"},"payload":{"id":774,"jsonrpc":"2.0","method":"eth_estimateGas","params":[{"data":"[REDACTED]0881d17800000000000000000000000000000000000000000000012d231c7c593eec0000","from":"0xf39fd6e51aad88f6f4ce6ab8827279cfffb92266","to":"0x5fbdb2315678afecb367f032d93f642f64180aa3"}]}},"invocation":null,"level":"error","message":"Error distributing tokens: execution reverted (unknown custom error) (action=\"estimateGas\", data=\"[REDACTED]ffb9226600000000000000000000000000000000000000000000000d8d726b7177a8000000000000000000000000000000000000000000000000012d231c7c593eec0000\", reason=null, transaction={ \"data\": \"[REDACTED]0881d17800000000000000000000000000000000000000000000012d231c7c593eec0000\", \"from\": \"0xf39Fd6e51aad88F6F4ce6aB8827279cffFb92266\", \"to\": \"0x5FbDB2315678afecb367f032d93F642f64180aa3\" }, invocation=null, revert=null, code=CALL_EXCEPTION, version=6.16.0)","reason":null,"revert":null,"shortMessage":"execution reverted (unknown custom error)","stack":"Error: execution reverted (unknown custom error) (action=\"estimateGas\", data=\"[REDACTED]ffb9226600000000000000000000000000000000000000000000000d8d726b7177a8000000000000000000000000000000000000000000000000012d231c7c593eec0000\", reason=null, transaction={ \"data\": \"[REDACTED]0881d17800000000000000000000000000000000000000000000012d231c7c593eec0000\", \"from\": \"0xf39Fd6e51aad88F6F4ce6aB8827279cffFb92266\", \"to\": \"0x5FbDB2315678afecb367f032d93F642f64180aa3\" }, invocation=null, revert=null, code=CALL_EXCEPTION, version=6.16.0)\n    at makeError (C:\\Users\\erimb\\OneDrive\\Masaüstü\\Blockchain\\sukhoi-chain\\backend\\node_modules\\ethers\\lib.commonjs\\utils\\errors.js:137:21)\n    at getBuiltinCallException (C:\\Users\\erimb\\OneDrive\\Masaüstü\\Blockchain\\sukhoi-chain\\backend\\node_modules\\ethers\\lib.commonjs\\abi\\abi-coder.js:105:37)\n    at AbiCoder.getBuiltinCallException (C:\\Users\\erimb\\OneDrive\\Masaüstü\\Blockchain\\sukhoi-chain\\backend\\node_modules\\ethers\\lib.commonjs\\abi\\abi-coder.js:206:16)\n    at JsonRpcProvider.getRpcError (C:\\Users\\erimb\\OneDrive\\Masaüstü\\Blockchain\\sukhoi-chain\\backend\\node_modules\\ethers\\lib.commonjs\\providers\\provider-jsonrpc.js:695:43)\n    at C:\\Users\\erimb\\OneDrive\\Masaüstü\\Blockchain\\sukhoi-chain\\backend\\node_modules\\ethers\\lib.commonjs\\providers\\provider-jsonrpc.js:302:45\n    at process.processTicksAndRejections (node:internal/process/task_queues:103:5)","timestamp":"2026-06-17 01:32:36","transaction":{"data":"[REDACTED]0881d17800000000000000000000000000000000000000000000012d231c7c593eec0000","from":"0xf39Fd6e51aad88F6F4ce6aB8827279cffFb92266","to":"0x5FbDB2315678afecb367f032d93F642f64180aa3"}}
{"action":"estimateGas","code":"CALL_EXCEPTION","data":"[REDACTED]ffb9226600000000000000000000000000000000000000000000000d8d726b7177a8000000000000000000000000000000000000000000000000012d231c7c593eec0000","info":{"error":{"code":-32603,"data":{"data":"[REDACTED]ffb9226600000000000000000000000000000000000000000000000d8d726b7177a8000000000000000000000000000000000000000000000000012d231c7c593eec0000","message":"Error: VM Exception while processing transaction: reverted with custom error 'ERC20InsufficientBalance(\"0xf39Fd6e51aad88F6F4ce6aB8827279cffFb92266\", 250000000000000000000, 5555000000000000000000)'"},"message":"Error: VM Exception while processing transaction: reverted with custom error 'ERC20InsufficientBalance(\"0xf39Fd6e51aad88F6F4ce6aB8827279cffFb92266\", 250000000000000000000, 5555000000000000000000)'"},"payload":{"id":774,"jsonrpc":"2.0","method":"eth_estimateGas","params":[{"data":"[REDACTED]0881d17800000000000000000000000000000000000000000000012d231c7c593eec0000","from":"0xf39fd6e51aad88f6f4ce6ab8827279cfffb92266","to":"0x5fbdb2315678afecb367f032d93f642f64180aa3"}]}},"invocation":null,"level":"error","message":"Minting failed: execution reverted (unknown custom error) (action=\"estimateGas\", data=\"[REDACTED]ffb9226600000000000000000000000000000000000000000000000d8d726b7177a8000000000000000000000000000000000000000000000000012d231c7c593eec0000\", reason=null, transaction={ \"data\": \"[REDACTED]0881d17800000000000000000000000000000000000000000000012d231c7c593eec0000\", \"from\": \"0xf39Fd6e51aad88F6F4ce6aB8827279cffFb92266\", \"to\": \"0x5FbDB2315678afecb367f032d93F642f64180aa3\" }, invocation=null, revert=null, code=CALL_EXCEPTION, version=6.16.0)","reason":null,"revert":null,"shortMessage":"execution reverted (unknown custom error)","stack":"Error: execution reverted (unknown custom error) (action=\"estimateGas\", data=\"[REDACTED]ffb9226600000000000000000000000000000000000000000000000d8d726b7177a8000000000000000000000000000000000000000000000000012d231c7c593eec0000\", reason=null, transaction={ \"data\": \"[REDACTED]0881d17800000000000000000000000000000000000000000000012d231c7c593eec0000\", \"from\": \"0xf39Fd6e51aad88F6F4ce6aB8827279cffFb92266\", \"to\": \"0x5FbDB2315678afecb367f032d93F642f64180aa3\" }, invocation=null, revert=null, code=CALL_EXCEPTION, version=6.16.0)\n    at makeError (C:\\Users\\erimb\\OneDrive\\Masaüstü\\Blockchain\\sukhoi-chain\\backend\\node_modules\\ethers\\lib.commonjs\\utils\\errors.js:137:21)\n    at getBuiltinCallException (C:\\Users\\erimb\\OneDrive\\Masaüstü\\Blockchain\\sukhoi-chain\\backend\\node_modules\\ethers\\lib.commonjs\\abi\\abi-coder.js:105:37)\n    at AbiCoder.getBuiltinCallException (C:\\Users\\erimb\\OneDrive\\Masaüstü\\Blockchain\\sukhoi-chain\\backend\\node_modules\\ethers\\lib.commonjs\\abi\\abi-coder.js:206:16)\n    at JsonRpcProvider.getRpcError (C:\\Users\\erimb\\OneDrive\\Masaüstü\\Blockchain\\sukhoi-chain\\backend\\node_modules\\ethers\\lib.commonjs\\providers\\provider-jsonrpc.js:695:43)\n    at C:\\Users\\erimb\\OneDrive\\Masaüstü\\Blockchain\\sukhoi-chain\\backend\\node_modules\\ethers\\lib.commonjs\\providers\\provider-jsonrpc.js:302:45\n    at process.processTicksAndRejections (node:internal/process/task_queues:103:5)","timestamp":"2026-06-17 01:32:36","transaction":{"data":"[REDACTED]0881d17800000000000000000000000000000000000000000000012d231c7c593eec0000","from":"0xf39Fd6e51aad88F6F4ce6aB8827279cffFb92266","to":"0x5FbDB2315678afecb367f032d93F642f64180aa3"}}
{"level":"info","message":"Reserve has balance. Withdrawing 23 SKH from reserve to 0xBD98D3341C73Cd9628C91CEf819790740881D178","timestamp":"2026-06-17 01:32:42"}
{"hash":"[REDACTED]","level":"info","message":"New block mined: #2","timestamp":"2026-06-17 01:32:42","txCount":1}
{"amount":"23","level":"info","message":"Distribution transaction submitted: [REDACTED]","timestamp":"2026-06-17 01:32:42","to":"0xBD98D3341C73Cd9628C91CEf819790740881D178"}
{"address":"0x792357D82bf0cb98F87AC5591C0fb4A905b01Cd6","level":"info","message":"New HD wallet created","timestamp":"2026-06-17 01:33:40"}
{"level":"info","message":"WebSocket connection closed. Active clients: 1","timestamp":"2026-06-17 01:34:19"}
{"level":"info","message":"New WebSocket connection established from IP: ::1","timestamp":"2026-06-17 01:34:19"}
{"level":"info","message":"WebSocket connection closed. Active clients: 1","timestamp":"2026-06-17 01:34:19"}
{"level":"info","message":"New WebSocket connection established from IP: ::1","timestamp":"2026-06-17 01:34:20"}
{"level":"info","message":"WebSocket Server initialized on /ws path","timestamp":"2026-06-17 01:37:54"}
{"level":"info","message":"BlockchainService initialized contract at 0x5FbDB2315678afecb367f032d93F642f64180aa3 with Admin Signer","timestamp":"2026-06-17 01:37:54"}
{"level":"info","message":"Subscribed to block events","timestamp":"2026-06-17 01:37:54"}
{"level":"info","message":"Subscribed to ERC20 contract Transfer events","timestamp":"2026-06-17 01:37:54"}
{"level":"info","message":"Sukhoi Backend API & WebSocket Server running on port 3001","timestamp":"2026-06-17 01:37:54"}
{"level":"info","message":"New Transfer detected: 0x0000000000000000000000000000000000000000 -> 0xf39Fd6e51aad88F6F4ce6aB8827279cffFb92266 (250.0 SKH)","timestamp":"2026-06-17 01:37:54"}
{"level":"info","message":"New Transfer detected: 0x0000000000000000000000000000000000000000 -> 0x5FbDB2315678afecb367f032d93F642f64180aa3 (250.0 SKH)","timestamp":"2026-06-17 01:37:54"}
{"level":"info","message":"New WebSocket connection established from IP: ::1","timestamp":"2026-06-17 01:37:55"}
{"level":"info","message":"WebSocket connection closed. Active clients: 0","timestamp":"2026-06-17 01:37:55"}
{"level":"info","message":"New WebSocket connection established from IP: ::1","timestamp":"2026-06-17 01:37:55"}
{"level":"info","message":"WebSocket connection closed. Active clients: 0","timestamp":"2026-06-17 01:37:55"}
{"level":"info","message":"New WebSocket connection established from IP: ::1","timestamp":"2026-06-17 01:37:56"}
{"level":"info","message":"New WebSocket connection established from IP: ::1","timestamp":"2026-06-17 01:37:56"}
{"address":"0x53A9BE89da64d8FfBe58d339fb8E96AB61E90A36","level":"info","message":"New HD wallet created","timestamp":"2026-06-17 01:38:31"}
{"level":"info","message":"WebSocket connection closed. Active clients: 1","timestamp":"2026-06-17 01:38:33"}
{"level":"info","message":"New WebSocket connection established from IP: ::1","timestamp":"2026-06-17 01:38:33"}
{"level":"info","message":"WebSocket connection closed. Active clients: 1","timestamp":"2026-06-17 01:38:33"}
{"level":"info","message":"New WebSocket connection established from IP: ::1","timestamp":"2026-06-17 01:38:34"}
{"address":"0x2A9C04687889feEfD4D8eeD23DAD56477d28094a","level":"info","message":"New HD wallet created","timestamp":"2026-06-17 01:38:58"}
{"level":"info","message":"WebSocket connection closed. Active clients: 1","timestamp":"2026-06-17 01:38:59"}
{"level":"info","message":"New WebSocket connection established from IP: ::1","timestamp":"2026-06-17 01:39:00"}
{"level":"info","message":"WebSocket connection closed. Active clients: 1","timestamp":"2026-06-17 01:39:00"}
{"level":"info","message":"New WebSocket connection established from IP: ::1","timestamp":"2026-06-17 01:39:01"}
{"address":"0x83fa68B9f4fb3e09866e18bd9D20BD2A2D69Fc37","level":"info","message":"New HD wallet created","timestamp":"2026-06-17 01:39:03"}
{"level":"info","message":"Presale purchase request submitted","request":{"address":"0x83fa68b9f4fb3e09866e18bd9d20bd2a2d69fc37","amountSKH":"2.0000","amountUSDT":"5000","id":1,"paymentToken":"USDT","status":"pending","timestamp":1781649556180,"txHash":null,"txProofMessage":"ad"},"timestamp":"2026-06-17 01:39:16"}
{"level":"info","message":"WebSocket connection closed. Active clients: 1","timestamp":"2026-06-17 01:39:17"}
{"level":"info","message":"New WebSocket connection established from IP: ::1","timestamp":"2026-06-17 01:39:18"}
{"level":"info","message":"WebSocket connection closed. Active clients: 1","timestamp":"2026-06-17 01:39:18"}
{"level":"info","message":"New WebSocket connection established from IP: ::1","timestamp":"2026-06-17 01:39:19"}
{"level":"info","message":"WebSocket connection closed. Active clients: 1","timestamp":"2026-06-17 01:39:22"}
{"level":"info","message":"New WebSocket connection established from IP: ::1","timestamp":"2026-06-17 01:39:22"}
{"level":"info","message":"WebSocket connection closed. Active clients: 1","timestamp":"2026-06-17 01:39:22"}
{"level":"info","message":"New WebSocket connection established from IP: ::1","timestamp":"2026-06-17 01:39:23"}
{"address":"0x83fa68b9f4fb3e09866e18bd9d20bd2a2d69fc37","amount":"2.0000","id":1,"level":"info","message":"Approving presale request","timestamp":"2026-06-17 01:39:29"}
{"level":"info","message":"Reserve has balance. Withdrawing 2.0000 SKH from reserve to 0x83fa68b9f4fb3e09866e18bd9d20bd2a2d69fc37","timestamp":"2026-06-17 01:39:29"}
{"hash":"[REDACTED]","level":"info","message":"New block mined: #2","timestamp":"2026-06-17 01:39:29","txCount":1}
{"amount":"2.0000","level":"info","message":"Distribution transaction submitted: [REDACTED]","timestamp":"2026-06-17 01:39:29","to":"0x83fa68b9f4fb3e09866e18bd9d20bd2a2d69fc37"}
{"id":1,"level":"info","message":"Presale request approved and tokens minted","timestamp":"2026-06-17 01:39:30","txHash":"[REDACTED]"}
{"level":"info","message":"New Transfer detected: 0x5FbDB2315678afecb367f032d93F642f64180aa3 -> 0x83fa68B9f4fb3e09866e18bd9D20BD2A2D69Fc37 (2.0 SKH)","timestamp":"2026-06-17 01:39:30"}
{"level":"info","message":"WebSocket connection closed. Active clients: 1","timestamp":"2026-06-17 01:39:34"}
{"level":"info","message":"New WebSocket connection established from IP: ::1","timestamp":"2026-06-17 01:39:34"}
{"level":"info","message":"WebSocket connection closed. Active clients: 1","timestamp":"2026-06-17 01:39:34"}
{"level":"info","message":"New WebSocket connection established from IP: ::1","timestamp":"2026-06-17 01:39:35"}
{"address":"0xf7b13B5b9fec0a2514F2df0628EC3a9102E0AcbC","level":"info","message":"New HD wallet created","timestamp":"2026-06-17 01:40:07"}
{"level":"info","message":"WebSocket Server initialized on /ws path","timestamp":"2026-06-17 01:42:27"}
{"level":"info","message":"BlockchainService initialized contract at 0x5FbDB2315678afecb367f032d93F642f64180aa3 with Admin Signer","timestamp":"2026-06-17 01:42:27"}
{"level":"info","message":"Subscribed to block events","timestamp":"2026-06-17 01:42:27"}
{"level":"info","message":"Subscribed to ERC20 contract Transfer events","timestamp":"2026-06-17 01:42:27"}
{"level":"info","message":"Sukhoi Backend API & WebSocket Server running on port 3001","timestamp":"2026-06-17 01:42:27"}
{"level":"info","message":"New Transfer detected: 0x0000000000000000000000000000000000000000 -> 0xf39Fd6e51aad88F6F4ce6aB8827279cffFb92266 (250.0 SKH)","timestamp":"2026-06-17 01:42:27"}
{"level":"info","message":"New Transfer detected: 0x0000000000000000000000000000000000000000 -> 0x5FbDB2315678afecb367f032d93F642f64180aa3 (250.0 SKH)","timestamp":"2026-06-17 01:42:27"}
{"level":"info","message":"New WebSocket connection established from IP: ::1","timestamp":"2026-06-17 01:42:28"}
{"level":"info","message":"WebSocket connection closed. Active clients: 0","timestamp":"2026-06-17 01:42:28"}
{"level":"info","message":"New WebSocket connection established from IP: ::1","timestamp":"2026-06-17 01:42:28"}
{"level":"info","message":"WebSocket connection closed. Active clients: 0","timestamp":"2026-06-17 01:42:28"}
{"level":"info","message":"New WebSocket connection established from IP: ::1","timestamp":"2026-06-17 01:42:29"}
{"level":"info","message":"New WebSocket connection established from IP: ::1","timestamp":"2026-06-17 01:42:29"}
{"level":"info","message":"WebSocket connection closed. Active clients: 1","timestamp":"2026-06-17 01:46:57"}
{"level":"info","message":"New WebSocket connection established from IP: ::1","timestamp":"2026-06-17 01:46:57"}
{"level":"info","message":"WebSocket connection closed. Active clients: 1","timestamp":"2026-06-17 01:46:57"}
{"level":"info","message":"New WebSocket connection established from IP: ::1","timestamp":"2026-06-17 01:46:58"}
{"level":"info","message":"WebSocket connection closed. Active clients: 1","timestamp":"2026-06-17 01:47:03"}
{"level":"info","message":"New WebSocket connection established from IP: ::1","timestamp":"2026-06-17 01:47:04"}
{"level":"info","message":"WebSocket connection closed. Active clients: 1","timestamp":"2026-06-17 01:47:04"}
{"level":"info","message":"New WebSocket connection established from IP: ::1","timestamp":"2026-06-17 01:47:05"}
{"level":"info","message":"WebSocket Server initialized on /ws path","timestamp":"2026-06-17 01:51:58"}
{"level":"info","message":"BlockchainService initialized contract at 0x5FbDB2315678afecb367f032d93F642f64180aa3 with Admin Signer","timestamp":"2026-06-17 01:51:58"}
{"level":"info","message":"Subscribed to block events","timestamp":"2026-06-17 01:51:58"}
{"level":"info","message":"Subscribed to ERC20 contract Transfer events","timestamp":"2026-06-17 01:51:58"}
{"level":"info","message":"Sukhoi Backend API & WebSocket Server running on port 3001","timestamp":"2026-06-17 01:51:58"}
{"level":"info","message":"New Transfer detected: 0x0000000000000000000000000000000000000000 -> 0xf39Fd6e51aad88F6F4ce6aB8827279cffFb92266 (250.0 SKH)","timestamp":"2026-06-17 01:51:58"}
{"level":"info","message":"New Transfer detected: 0x0000000000000000000000000000000000000000 -> 0x5FbDB2315678afecb367f032d93F642f64180aa3 (250.0 SKH)","timestamp":"2026-06-17 01:51:58"}
{"level":"info","message":"New WebSocket connection established from IP: ::1","timestamp":"2026-06-17 01:52:00"}
{"level":"info","message":"New WebSocket connection established from IP: ::1","timestamp":"2026-06-17 01:52:00"}
{"level":"info","message":"WebSocket connection closed. Active clients: 1","timestamp":"2026-06-17 01:53:04"}
{"level":"info","message":"New WebSocket connection established from IP: ::1","timestamp":"2026-06-17 01:53:05"}
{"level":"info","message":"WebSocket connection closed. Active clients: 1","timestamp":"2026-06-17 01:53:05"}
{"level":"info","message":"WebSocket connection closed. Active clients: 0","timestamp":"2026-06-17 01:53:05"}
{"level":"info","message":"New WebSocket connection established from IP: ::1","timestamp":"2026-06-17 01:53:05"}
{"level":"info","message":"WebSocket connection closed. Active clients: 0","timestamp":"2026-06-17 01:53:05"}
{"level":"info","message":"New WebSocket connection established from IP: ::1","timestamp":"2026-06-17 01:53:06"}
{"level":"info","message":"New WebSocket connection established from IP: ::1","timestamp":"2026-06-17 01:53:06"}
{"level":"info","message":"WebSocket connection closed. Active clients: 1","timestamp":"2026-06-17 01:53:07"}
{"level":"info","message":"New WebSocket connection established from IP: ::1","timestamp":"2026-06-17 01:53:07"}
{"level":"info","message":"WebSocket connection closed. Active clients: 1","timestamp":"2026-06-17 01:53:07"}
{"level":"info","message":"New WebSocket connection established from IP: ::1","timestamp":"2026-06-17 01:53:08"}
{"level":"info","message":"WebSocket connection closed. Active clients: 1","timestamp":"2026-06-17 01:53:22"}
{"level":"info","message":"New WebSocket connection established from IP: ::1","timestamp":"2026-06-17 01:53:22"}
{"level":"info","message":"WebSocket connection closed. Active clients: 1","timestamp":"2026-06-17 01:53:22"}
{"level":"info","message":"New WebSocket connection established from IP: ::1","timestamp":"2026-06-17 01:53:23"}
{"address":"0x301D8C992f9588A612B1C73e5165864512703B67","level":"info","message":"New HD wallet created","timestamp":"2026-06-17 01:56:55"}
{"level":"info","message":"WebSocket connection closed. Active clients: 1","timestamp":"2026-06-17 01:56:57"}
{"level":"info","message":"New WebSocket connection established from IP: ::1","timestamp":"2026-06-17 01:56:58"}
{"level":"error","message":"Error recovering wallet from mnemonic:","timestamp":"2026-06-17 01:57:50"}
{"address":"0x2e7Eec045409e92c75C74327bc0cb45b38Be175D","level":"info","message":"New HD wallet created","timestamp":"2026-06-17 01:57:52"}
{"level":"info","message":"WebSocket connection closed. Active clients: 1","timestamp":"2026-06-17 01:57:54"}
{"level":"info","message":"New WebSocket connection established from IP: ::1","timestamp":"2026-06-17 01:57:54"}
{"level":"info","message":"WebSocket connection closed. Active clients: 1","timestamp":"2026-06-17 01:57:54"}
{"level":"info","message":"New WebSocket connection established from IP: ::1","timestamp":"2026-06-17 01:57:55"}
{"level":"info","message":"WebSocket connection closed. Active clients: 1","timestamp":"2026-06-17 01:58:25"}
{"level":"info","message":"New WebSocket connection established from IP: ::1","timestamp":"2026-06-17 01:58:25"}
{"level":"info","message":"WebSocket connection closed. Active clients: 1","timestamp":"2026-06-17 01:58:25"}
{"level":"info","message":"New WebSocket connection established from IP: ::1","timestamp":"2026-06-17 01:58:26"}
{"level":"info","message":"WebSocket connection closed. Active clients: 1","timestamp":"2026-06-17 01:59:42"}
{"level":"info","message":"New WebSocket connection established from IP: ::1","timestamp":"2026-06-17 01:59:43"}
{"level":"info","message":"WebSocket connection closed. Active clients: 1","timestamp":"2026-06-17 01:59:43"}
{"level":"info","message":"New WebSocket connection established from IP: ::1","timestamp":"2026-06-17 01:59:44"}
{"level":"info","message":"WebSocket Server initialized on /ws path","timestamp":"2026-06-17 18:24:49"}
{"level":"info","message":"BlockchainService initialized contract at 0x5FbDB2315678afecb367f032d93F642f64180aa3 with Admin Signer","timestamp":"2026-06-17 18:24:49"}
{"level":"info","message":"Subscribed to block events","timestamp":"2026-06-17 18:24:49"}
{"level":"info","message":"Subscribed to ERC20 contract Transfer events","timestamp":"2026-06-17 18:24:49"}
{"level":"info","message":"Sukhoi Backend API & WebSocket Server running on port 3001","timestamp":"2026-06-17 18:24:49"}
{"level":"info","message":"New Transfer detected: 0x0000000000000000000000000000000000000000 -> 0xf39Fd6e51aad88F6F4ce6aB8827279cffFb92266 (250.0 SKH)","timestamp":"2026-06-17 18:24:49"}
{"level":"info","message":"New Transfer detected: 0x0000000000000000000000000000000000000000 -> 0x5FbDB2315678afecb367f032d93F642f64180aa3 (250.0 SKH)","timestamp":"2026-06-17 18:24:49"}
{"level":"info","message":"New WebSocket connection established from IP: ::1","timestamp":"2026-06-17 18:25:18"}
{"level":"info","message":"WebSocket connection closed. Active clients: 0","timestamp":"2026-06-17 18:25:18"}
{"level":"info","message":"New WebSocket connection established from IP: ::1","timestamp":"2026-06-17 18:25:19"}
{"address":"0x4860C7f52ee6a9A23F93d29d2D36b1e7D5128efa","level":"info","message":"New HD wallet created","timestamp":"2026-06-17 18:26:39"}
{"level":"info","message":"WebSocket connection closed. Active clients: 0","timestamp":"2026-06-17 18:26:48"}
{"level":"info","message":"New WebSocket connection established from IP: ::1","timestamp":"2026-06-17 18:26:48"}
{"level":"info","message":"WebSocket connection closed. Active clients: 0","timestamp":"2026-06-17 18:26:48"}
{"level":"info","message":"New WebSocket connection established from IP: ::1","timestamp":"2026-06-17 18:26:49"}
{"level":"error","message":"Error recovering wallet from mnemonic:","timestamp":"2026-06-17 18:26:51"}
{"address":"0xd1039D10C4C9d4Cc905b2D59a3bC89CD0202D181","level":"info","message":"New HD wallet created","timestamp":"2026-06-17 18:26:54"}
{"level":"info","message":"WebSocket connection closed. Active clients: 0","timestamp":"2026-06-17 18:26:56"}
{"level":"info","message":"New WebSocket connection established from IP: ::1","timestamp":"2026-06-17 18:26:56"}
{"level":"info","message":"WebSocket connection closed. Active clients: 0","timestamp":"2026-06-17 18:26:56"}
{"level":"info","message":"New WebSocket connection established from IP: ::1","timestamp":"2026-06-17 18:26:57"}
{"level":"info","message":"New WebSocket connection established from IP: ::1","timestamp":"2026-06-17 18:27:01"}
{"level":"info","message":"WebSocket connection closed. Active clients: 1","timestamp":"2026-06-17 18:27:01"}
{"level":"info","message":"New WebSocket connection established from IP: ::1","timestamp":"2026-06-17 18:27:02"}
{"address":"0x5Ac1fE9b98168E80Ab72E3aC4937579545E94987","level":"info","message":"New HD wallet created","timestamp":"2026-06-17 18:27:12"}
{"level":"info","message":"WebSocket connection closed. Active clients: 1","timestamp":"2026-06-17 18:27:38"}
{"level":"info","message":"New WebSocket connection established from IP: ::1","timestamp":"2026-06-17 18:27:38"}
{"level":"info","message":"WebSocket connection closed. Active clients: 1","timestamp":"2026-06-17 18:27:38"}
{"level":"info","message":"New WebSocket connection established from IP: ::1","timestamp":"2026-06-17 18:27:39"}
{"level":"info","message":"WebSocket connection closed. Active clients: 1","timestamp":"2026-06-17 18:29:03"}
{"level":"info","message":"New WebSocket connection established from IP: ::1","timestamp":"2026-06-17 18:29:03"}
{"level":"info","message":"WebSocket connection closed. Active clients: 1","timestamp":"2026-06-17 18:29:03"}
{"level":"info","message":"New WebSocket connection established from IP: ::1","timestamp":"2026-06-17 18:29:04"}
{"address":"0x6b411A8D590889F3f2e2451Ad284156f39ce9725","level":"info","message":"New HD wallet created","timestamp":"2026-06-17 18:29:05"}
{"address":"0x6b411A8D590889F3f2e2451Ad284156f39ce9725","level":"info","message":"Wallet recovered from mnemonic phrase","timestamp":"2026-06-17 18:29:10"}
{"level":"info","message":"WebSocket connection closed. Active clients: 1","timestamp":"2026-06-17 18:29:10"}
{"level":"info","message":"New WebSocket connection established from IP: ::1","timestamp":"2026-06-17 18:29:10"}
{"level":"info","message":"WebSocket connection closed. Active clients: 1","timestamp":"2026-06-17 18:29:10"}
{"level":"info","message":"New WebSocket connection established from IP: ::1","timestamp":"2026-06-17 18:29:11"}
{"address":"0x6b411A8D590889F3f2e2451Ad284156f39ce9725","level":"info","message":"Wallet recovered from mnemonic phrase","timestamp":"2026-06-17 18:29:17"}
{"level":"info","message":"WebSocket connection closed. Active clients: 1","timestamp":"2026-06-17 18:29:17"}
{"level":"info","message":"New WebSocket connection established from IP: ::1","timestamp":"2026-06-17 18:29:18"}
{"level":"info","message":"WebSocket connection closed. Active clients: 1","timestamp":"2026-06-17 18:29:18"}
{"level":"info","message":"New WebSocket connection established from IP: ::1","timestamp":"2026-06-17 18:29:19"}
{"level":"info","message":"WebSocket connection closed. Active clients: 1","timestamp":"2026-06-17 18:33:20"}
{"level":"info","message":"WebSocket connection closed. Active clients: 0","timestamp":"2026-06-17 18:33:39"}
{"level":"info","message":"New WebSocket connection established from IP: ::1","timestamp":"2026-06-17 18:37:15"}
{"level":"info","message":"WebSocket connection closed. Active clients: 0","timestamp":"2026-06-17 18:37:15"}
{"level":"info","message":"New WebSocket connection established from IP: ::1","timestamp":"2026-06-17 18:37:16"}
{"level":"info","message":"New WebSocket connection established from IP: ::1","timestamp":"2026-06-17 18:37:28"}
{"level":"info","message":"WebSocket connection closed. Active clients: 1","timestamp":"2026-06-17 18:37:28"}
{"level":"info","message":"New WebSocket connection established from IP: ::1","timestamp":"2026-06-17 18:37:29"}
{"level":"info","message":"WebSocket connection closed. Active clients: 1","timestamp":"2026-06-17 18:39:25"}
{"level":"info","message":"New WebSocket connection established from IP: ::1","timestamp":"2026-06-17 18:39:27"}
{"level":"info","message":"WebSocket connection closed. Active clients: 1","timestamp":"2026-06-17 18:39:28"}
{"level":"info","message":"New WebSocket connection established from IP: ::1","timestamp":"2026-06-17 18:39:29"}
{"level":"info","message":"WebSocket connection closed. Active clients: 1","timestamp":"2026-06-17 18:40:44"}
{"level":"info","message":"New WebSocket connection established from IP: ::1","timestamp":"2026-06-17 18:40:45"}
{"level":"info","message":"WebSocket connection closed. Active clients: 1","timestamp":"2026-06-17 18:40:45"}
{"level":"info","message":"New WebSocket connection established from IP: ::1","timestamp":"2026-06-17 18:40:46"}
{"address":"0xcf68BA8147CcF989C5F0bfF8CD733fF10058cbee","level":"info","message":"New HD wallet created","timestamp":"2026-06-17 18:40:53"}
{"address":"0xcf68BA8147CcF989C5F0bfF8CD733fF10058cbee","level":"info","message":"Wallet recovered from mnemonic phrase","timestamp":"2026-06-17 18:41:06"}
{"level":"info","message":"WebSocket connection closed. Active clients: 1","timestamp":"2026-06-17 18:41:06"}
{"level":"info","message":"New WebSocket connection established from IP: ::1","timestamp":"2026-06-17 18:41:07"}
{"level":"info","message":"WebSocket connection closed. Active clients: 1","timestamp":"2026-06-17 18:42:35"}
{"level":"info","message":"New WebSocket connection established from IP: ::1","timestamp":"2026-06-17 18:42:36"}
{"level":"info","message":"WebSocket connection closed. Active clients: 1","timestamp":"2026-06-17 18:42:37"}
{"level":"info","message":"New WebSocket connection established from IP: ::1","timestamp":"2026-06-17 18:42:38"}
{"level":"info","message":"WebSocket connection closed. Active clients: 1","timestamp":"2026-06-17 18:43:50"}
{"level":"info","message":"New WebSocket connection established from IP: ::1","timestamp":"2026-06-17 18:43:50"}
{"level":"info","message":"WebSocket connection closed. Active clients: 1","timestamp":"2026-06-17 18:43:50"}
{"level":"info","message":"New WebSocket connection established from IP: ::1","timestamp":"2026-06-17 18:43:51"}
{"level":"error","message":"Error recovering wallet from mnemonic:","timestamp":"2026-06-17 18:43:57"}
{"level":"info","message":"Loaded 5 registered wallets from storage.","timestamp":"2026-06-17 18:46:31"}
{"level":"info","message":"WebSocket Server initialized on /ws path","timestamp":"2026-06-17 18:46:31"}
{"level":"info","message":"BlockchainService initialized contract at 0x5FbDB2315678afecb367f032d93F642f64180aa3 with Admin Signer","timestamp":"2026-06-17 18:46:31"}
{"level":"info","message":"Subscribed to block events","timestamp":"2026-06-17 18:46:31"}
{"level":"info","message":"Subscribed to ERC20 contract Transfer events","timestamp":"2026-06-17 18:46:31"}
{"level":"info","message":"Sukhoi Backend API & WebSocket Server running on port 3001","timestamp":"2026-06-17 18:46:31"}
{"level":"info","message":"New Transfer detected: 0x0000000000000000000000000000000000000000 -> 0xf39Fd6e51aad88F6F4ce6aB8827279cffFb92266 (250.0 SKH)","timestamp":"2026-06-17 18:46:31"}
{"level":"info","message":"New Transfer detected: 0x0000000000000000000000000000000000000000 -> 0x5FbDB2315678afecb367f032d93F642f64180aa3 (250.0 SKH)","timestamp":"2026-06-17 18:46:31"}
{"level":"info","message":"New WebSocket connection established from IP: ::1","timestamp":"2026-06-17 18:46:32"}
{"level":"info","message":"New WebSocket connection established from IP: ::1","timestamp":"2026-06-17 18:46:33"}
{"level":"info","message":"WebSocket connection closed. Active clients: 1","timestamp":"2026-06-17 18:46:33"}
{"level":"info","message":"New WebSocket connection established from IP: ::1","timestamp":"2026-06-17 18:46:34"}
{"address":"0xF533B93e47b23928277A7b4C5b63FafB4c1cB920","level":"info","message":"New HD wallet created","timestamp":"2026-06-17 18:46:39"}
{"address":"0xF533B93e47b23928277A7b4C5b63FafB4c1cB920","level":"info","message":"Wallet recovered from mnemonic phrase","timestamp":"2026-06-17 18:46:49"}
{"level":"info","message":"WebSocket connection closed. Active clients: 1","timestamp":"2026-06-17 18:46:50"}
{"level":"info","message":"New WebSocket connection established from IP: ::1","timestamp":"2026-06-17 18:46:51"}
{"address":"0xF533B93e47b23928277A7b4C5b63FafB4c1cB920","level":"info","message":"Wallet recovered from mnemonic phrase","timestamp":"2026-06-17 18:46:58"}
{"level":"info","message":"WebSocket connection closed. Active clients: 1","timestamp":"2026-06-17 18:46:58"}
{"level":"info","message":"New WebSocket connection established from IP: ::1","timestamp":"2026-06-17 18:47:00"}
{"address":"0x66dCd43dD96db9F967f56f45d57DD8019a11CB3a","level":"info","message":"New HD wallet created","timestamp":"2026-06-17 18:50:36"}
{"level":"error","message":"Error recovering wallet from mnemonic:","timestamp":"2026-06-17 18:51:09"}
{"address":"0x17bFeec7Ad6763F6675A58472D08B1Ed1dFBae6c","level":"info","message":"New HD wallet created","timestamp":"2026-06-17 18:51:10"}
{"address":"0x17bFeec7Ad6763F6675A58472D08B1Ed1dFBae6c","level":"info","message":"Wallet recovered from mnemonic phrase","timestamp":"2026-06-17 18:51:15"}
{"level":"info","message":"WebSocket connection closed. Active clients: 1","timestamp":"2026-06-17 18:51:15"}
{"level":"info","message":"New WebSocket connection established from IP: ::1","timestamp":"2026-06-17 18:51:15"}
{"level":"info","message":"WebSocket connection closed. Active clients: 1","timestamp":"2026-06-17 18:51:15"}
{"level":"info","message":"New WebSocket connection established from IP: ::1","timestamp":"2026-06-17 18:51:16"}
{"level":"info","message":"WebSocket connection closed. Active clients: 1","timestamp":"2026-06-17 18:53:50"}
{"level":"info","message":"New WebSocket connection established from IP: ::1","timestamp":"2026-06-17 18:53:50"}
{"level":"info","message":"WebSocket connection closed. Active clients: 1","timestamp":"2026-06-17 18:53:50"}
{"level":"info","message":"New WebSocket connection established from IP: ::1","timestamp":"2026-06-17 18:53:51"}
{"level":"info","message":"WebSocket connection closed. Active clients: 1","timestamp":"2026-06-17 18:53:53"}
{"level":"info","message":"New WebSocket connection established from IP: ::1","timestamp":"2026-06-17 18:53:53"}
{"level":"info","message":"WebSocket connection closed. Active clients: 1","timestamp":"2026-06-17 18:53:53"}
{"level":"info","message":"New WebSocket connection established from IP: ::1","timestamp":"2026-06-17 18:53:54"}
{"level":"error","message":"Error recovering wallet from mnemonic:","timestamp":"2026-06-17 18:53:56"}
{"level":"info","message":"New WebSocket connection established from IP: ::1","timestamp":"2026-06-17 18:54:05"}
{"level":"info","message":"WebSocket connection closed. Active clients: 2","timestamp":"2026-06-17 18:54:05"}
{"level":"info","message":"New WebSocket connection established from IP: ::1","timestamp":"2026-06-17 18:54:06"}
{"level":"info","message":"WebSocket connection closed. Active clients: 2","timestamp":"2026-06-17 18:54:14"}
{"level":"info","message":"New WebSocket connection established from IP: ::1","timestamp":"2026-06-17 18:54:14"}
{"level":"info","message":"WebSocket connection closed. Active clients: 2","timestamp":"2026-06-17 18:54:14"}
{"level":"info","message":"New WebSocket connection established from IP: ::1","timestamp":"2026-06-17 18:54:16"}
{"address":"0x2056fF9C13f680b426a36Ede7437993AefAEe0ec","level":"info","message":"New HD wallet created","timestamp":"2026-06-17 18:54:30"}
{"address":"0x2056fF9C13f680b426a36Ede7437993AefAEe0ec","level":"info","message":"Wallet recovered from mnemonic phrase","timestamp":"2026-06-17 18:54:32"}
{"level":"info","message":"WebSocket connection closed. Active clients: 2","timestamp":"2026-06-17 18:54:32"}
{"level":"info","message":"New WebSocket connection established from IP: ::1","timestamp":"2026-06-17 18:54:33"}
{"level":"info","message":"Presale purchase request submitted","request":{"address":"0x2056ff9c13f680b426a36ede7437993aefaee0ec","amountSKH":"2.0000","amountUSDT":"5000","id":1,"paymentToken":"ERC20","status":"pending","timestamp":1781711683200,"txHash":null,"txProofMessage":"Sender: asdadsadsasdad | Time: 13.56"},"timestamp":"2026-06-17 18:54:43"}
{"address":"0x2056ff9c13f680b426a36ede7437993aefaee0ec","amount":"2.0000","id":1,"level":"info","message":"Approving presale request","timestamp":"2026-06-17 18:54:53"}
{"level":"info","message":"Reserve has balance. Withdrawing 2.0000 SKH from reserve to 0x2056ff9c13f680b426a36ede7437993aefaee0ec","timestamp":"2026-06-17 18:54:53"}
{"hash":"[REDACTED]","level":"info","message":"New block mined: #2","timestamp":"2026-06-17 18:54:53","txCount":1}
{"amount":"2.0000","level":"info","message":"Distribution transaction submitted: [REDACTED]","timestamp":"2026-06-17 18:54:53","to":"0x2056ff9c13f680b426a36ede7437993aefaee0ec"}
{"id":1,"level":"info","message":"Presale request approved and tokens minted","timestamp":"2026-06-17 18:54:53","txHash":"[REDACTED]"}
{"level":"info","message":"WebSocket connection closed. Active clients: 2","timestamp":"2026-06-17 18:55:13"}
{"level":"info","message":"New WebSocket connection established from IP: ::1","timestamp":"2026-06-17 18:55:13"}
{"level":"info","message":"WebSocket connection closed. Active clients: 2","timestamp":"2026-06-17 18:55:13"}
{"level":"info","message":"New WebSocket connection established from IP: ::1","timestamp":"2026-06-17 18:55:14"}
{"level":"info","message":"WebSocket connection closed. Active clients: 2","timestamp":"2026-06-17 18:55:15"}
{"level":"info","message":"New WebSocket connection established from IP: ::1","timestamp":"2026-06-17 18:55:16"}
{"address":"0x0d6Ab5B3979348FA5EB51c43f5B2BbD9d8821166","level":"info","message":"New HD wallet created","timestamp":"2026-06-17 18:55:28"}
{"level":"info","message":"WebSocket connection closed. Active clients: 2","timestamp":"2026-06-17 18:55:32"}
{"level":"info","message":"New WebSocket connection established from IP: ::1","timestamp":"2026-06-17 18:55:32"}
{"level":"info","message":"WebSocket connection closed. Active clients: 2","timestamp":"2026-06-17 18:55:32"}
{"level":"info","message":"New WebSocket connection established from IP: ::1","timestamp":"2026-06-17 18:55:33"}
{"level":"info","message":"WebSocket connection closed. Active clients: 2","timestamp":"2026-06-17 19:15:43"}
{"level":"info","message":"WebSocket connection closed. Active clients: 1","timestamp":"2026-06-17 19:15:43"}
{"level":"info","message":"WebSocket connection closed. Active clients: 0","timestamp":"2026-06-17 19:15:43"}
{"level":"info","message":"New WebSocket connection established from IP: ::1","timestamp":"2026-06-17 19:32:12"}
{"level":"info","message":"New WebSocket connection established from IP: ::1","timestamp":"2026-06-17 19:32:12"}
{"level":"info","message":"New WebSocket connection established from IP: ::1","timestamp":"2026-06-17 19:32:12"}
{"level":"info","message":"WebSocket connection closed. Active clients: 2","timestamp":"2026-06-17 19:32:12"}
{"level":"info","message":"WebSocket connection closed. Active clients: 1","timestamp":"2026-06-17 19:32:13"}
{"level":"info","message":"WebSocket connection closed. Active clients: 0","timestamp":"2026-06-17 19:32:13"}
{"level":"info","message":"New WebSocket connection established from IP: ::1","timestamp":"2026-06-17 19:32:13"}
{"level":"info","message":"WebSocket connection closed. Active clients: 0","timestamp":"2026-06-17 19:32:13"}
{"level":"info","message":"New WebSocket connection established from IP: ::1","timestamp":"2026-06-17 19:32:13"}
{"level":"info","message":"WebSocket connection closed. Active clients: 0","timestamp":"2026-06-17 19:32:13"}
{"level":"info","message":"New WebSocket connection established from IP: ::1","timestamp":"2026-06-17 19:32:13"}
{"level":"info","message":"WebSocket connection closed. Active clients: 0","timestamp":"2026-06-17 19:32:13"}
{"level":"info","message":"New WebSocket connection established from IP: ::1","timestamp":"2026-06-17 19:32:14"}
{"level":"info","message":"New WebSocket connection established from IP: ::1","timestamp":"2026-06-17 19:32:14"}
{"level":"info","message":"New WebSocket connection established from IP: ::1","timestamp":"2026-06-17 19:32:15"}
{"level":"info","message":"SQLite database initialized successfully at C:\\Users\\erimb\\OneDrive\\Masaüstü\\Blockchain\\sukhoi-chain\\backend\\data\\database.sqlite","timestamp":"2026-06-17 19:39:19"}
{"level":"info","message":"Migrated 10 legacy wallets to SQLite.","timestamp":"2026-06-17 19:39:20"}
{"level":"info","message":"WebSocket Server initialized on /ws path","timestamp":"2026-06-17 19:39:20"}
{"level":"info","message":"BlockchainService initialized contract at 0x5FbDB2315678afecb367f032d93F642f64180aa3 with Admin Signer","timestamp":"2026-06-17 19:39:20"}
{"level":"info","message":"Subscribed to block events","timestamp":"2026-06-17 19:39:20"}
{"level":"info","message":"Subscribed to ERC20 contract Transfer events","timestamp":"2026-06-17 19:39:20"}
{"level":"info","message":"Sukhoi Backend API & WebSocket Server running on port 3001","timestamp":"2026-06-17 19:39:20"}
{"level":"info","message":"New Transfer detected: 0x0000000000000000000000000000000000000000 -> 0xf39Fd6e51aad88F6F4ce6aB8827279cffFb92266 (250.0 SKH)","timestamp":"2026-06-17 19:39:20"}
{"level":"info","message":"New Transfer detected: 0x0000000000000000000000000000000000000000 -> 0x5FbDB2315678afecb367f032d93F642f64180aa3 (250.0 SKH)","timestamp":"2026-06-17 19:39:20"}
{"level":"info","message":"New WebSocket connection established from IP: ::1","timestamp":"2026-06-17 19:39:21"}
{"level":"info","message":"New WebSocket connection established from IP: ::1","timestamp":"2026-06-17 19:39:22"}
{"level":"info","message":"WebSocket connection closed. Active clients: 1","timestamp":"2026-06-17 19:39:22"}
{"level":"info","message":"New WebSocket connection established from IP: ::1","timestamp":"2026-06-17 19:39:23"}
{"level":"info","message":"New WebSocket connection established from IP: ::1","timestamp":"2026-06-17 19:39:23"}
{"level":"info","message":"New WebSocket connection established from IP: ::1","timestamp":"2026-06-17 19:42:19"}
{"level":"info","message":"WebSocket connection closed. Active clients: 3","timestamp":"2026-06-17 19:42:19"}
{"level":"info","message":"New WebSocket connection established from IP: ::1","timestamp":"2026-06-17 19:42:20"}
{"level":"info","message":"WebSocket connection closed. Active clients: 3","timestamp":"2026-06-17 19:43:13"}
{"level":"info","message":"New WebSocket connection established from IP: ::1","timestamp":"2026-06-17 19:43:13"}
{"level":"info","message":"WebSocket connection closed. Active clients: 3","timestamp":"2026-06-17 19:43:13"}
{"level":"info","message":"New WebSocket connection established from IP: ::1","timestamp":"2026-06-17 19:43:14"}
{"level":"info","message":"SQLite database initialized successfully at C:\\Users\\erimb\\OneDrive\\Masaüstü\\Blockchain\\sukhoi-chain\\backend\\data\\database.sqlite","timestamp":"2026-06-17 19:45:24"}
{"level":"info","message":"WebSocket Server initialized on /ws path","timestamp":"2026-06-17 19:45:24"}
{"level":"info","message":"BlockchainService initialized contract at 0x5FbDB2315678afecb367f032d93F642f64180aa3 with Admin Signer","timestamp":"2026-06-17 19:45:24"}
{"level":"info","message":"Subscribed to block events","timestamp":"2026-06-17 19:45:24"}
{"level":"info","message":"Subscribed to ERC20 contract Transfer events","timestamp":"2026-06-17 19:45:24"}
{"level":"info","message":"Sukhoi Backend API & WebSocket Server running on port 3001","timestamp":"2026-06-17 19:45:24"}
{"level":"info","message":"New Transfer detected: 0x0000000000000000000000000000000000000000 -> 0xf39Fd6e51aad88F6F4ce6aB8827279cffFb92266 (250.0 SKH)","timestamp":"2026-06-17 19:45:24"}
{"level":"info","message":"New Transfer detected: 0x0000000000000000000000000000000000000000 -> 0x5FbDB2315678afecb367f032d93F642f64180aa3 (250.0 SKH)","timestamp":"2026-06-17 19:45:24"}
{"level":"info","message":"New WebSocket connection established from IP: ::1","timestamp":"2026-06-17 19:45:25"}
{"level":"info","message":"WebSocket connection closed. Active clients: 0","timestamp":"2026-06-17 19:45:25"}
{"level":"info","message":"New WebSocket connection established from IP: ::1","timestamp":"2026-06-17 19:45:26"}
{"level":"info","message":"New WebSocket connection established from IP: ::1","timestamp":"2026-06-17 19:45:27"}
{"level":"info","message":"New WebSocket connection established from IP: ::1","timestamp":"2026-06-17 19:45:28"}
{"level":"info","message":"New WebSocket connection established from IP: ::1","timestamp":"2026-06-17 19:45:29"}
{"level":"info","message":"WebSocket Server initialized on /ws path","timestamp":"2026-06-17 19:48:58"}
{"level":"info","message":"BlockchainService initialized contract at 0x5FbDB2315678afecb367f032d93F642f64180aa3 with Admin Signer","timestamp":"2026-06-17 19:48:58"}
{"level":"info","message":"Subscribed to block events","timestamp":"2026-06-17 19:48:58"}
{"level":"info","message":"Subscribed to ERC20 contract Transfer events","timestamp":"2026-06-17 19:48:58"}
{"level":"info","message":"Sukhoi Backend API & WebSocket Server running on port 3001","timestamp":"2026-06-17 19:48:58"}
{"level":"info","message":"New Transfer detected: 0x0000000000000000000000000000000000000000 -> 0xf39Fd6e51aad88F6F4ce6aB8827279cffFb92266 (250.0 SKH)","timestamp":"2026-06-17 19:48:58"}
{"level":"info","message":"New Transfer detected: 0x0000000000000000000000000000000000000000 -> 0x5FbDB2315678afecb367f032d93F642f64180aa3 (250.0 SKH)","timestamp":"2026-06-17 19:48:58"}
{"level":"info","message":"New WebSocket connection established from IP: ::1","timestamp":"2026-06-17 19:48:59"}
{"level":"info","message":"WebSocket connection closed. Active clients: 0","timestamp":"2026-06-17 19:48:59"}
{"level":"info","message":"New WebSocket connection established from IP: ::1","timestamp":"2026-06-17 19:49:00"}
{"level":"error","message":"DB Error getting all wallets: Operation `wallets.find()` buffering timed out after 10000ms","stack":"MongooseError: Operation `wallets.find()` buffering timed out after 10000ms\n    at Timeout._onTimeout (C:\\Users\\erimb\\OneDrive\\Masaüstü\\Blockchain\\sukhoi-chain\\backend\\node_modules\\mongoose\\lib\\drivers\\node-mongodb-native\\collection.js:142:25)\n    at listOnTimeout (node:internal/timers:605:17)\n    at process.processTimers (node:internal/timers:541:7)","timestamp":"2026-06-17 19:49:38"}
{"level":"error","message":"DB Error getting count: Operation `wallets.countDocuments()` buffering timed out after 10000ms","stack":"MongooseError: Operation `wallets.countDocuments()` buffering timed out after 10000ms\n    at Timeout._onTimeout (C:\\Users\\erimb\\OneDrive\\Masaüstü\\Blockchain\\sukhoi-chain\\backend\\node_modules\\mongoose\\lib\\drivers\\node-mongodb-native\\collection.js:142:25)\n    at listOnTimeout (node:internal/timers:605:17)\n    at process.processTimers (node:internal/timers:541:7)","timestamp":"2026-06-17 19:49:38"}
{"level":"error","message":"DB Error getting all wallets: Operation `wallets.find()` buffering timed out after 10000ms","stack":"MongooseError: Operation `wallets.find()` buffering timed out after 10000ms\n    at Timeout._onTimeout (C:\\Users\\erimb\\OneDrive\\Masaüstü\\Blockchain\\sukhoi-chain\\backend\\node_modules\\mongoose\\lib\\drivers\\node-mongodb-native\\collection.js:142:25)\n    at listOnTimeout (node:internal/timers:605:17)\n    at process.processTimers (node:internal/timers:541:7)","timestamp":"2026-06-17 19:49:48"}
{"level":"error","message":"DB Error getting count: Operation `wallets.countDocuments()` buffering timed out after 10000ms","stack":"MongooseError: Operation `wallets.countDocuments()` buffering timed out after 10000ms\n    at Timeout._onTimeout (C:\\Users\\erimb\\OneDrive\\Masaüstü\\Blockchain\\sukhoi-chain\\backend\\node_modules\\mongoose\\lib\\drivers\\node-mongodb-native\\collection.js:142:25)\n    at listOnTimeout (node:internal/timers:605:17)\n    at process.processTimers (node:internal/timers:541:7)","timestamp":"2026-06-17 19:49:48"}
{"level":"error","message":"DB Error getting all wallets: Operation `wallets.find()` buffering timed out after 10000ms","stack":"MongooseError: Operation `wallets.find()` buffering timed out after 10000ms\n    at Timeout._onTimeout (C:\\Users\\erimb\\OneDrive\\Masaüstü\\Blockchain\\sukhoi-chain\\backend\\node_modules\\mongoose\\lib\\drivers\\node-mongodb-native\\collection.js:142:25)\n    at listOnTimeout (node:internal/timers:605:17)\n    at process.processTimers (node:internal/timers:541:7)","timestamp":"2026-06-17 19:50:38"}
{"level":"error","message":"DB Error getting count: Operation `wallets.countDocuments()` buffering timed out after 10000ms","stack":"MongooseError: Operation `wallets.countDocuments()` buffering timed out after 10000ms\n    at Timeout._onTimeout (C:\\Users\\erimb\\OneDrive\\Masaüstü\\Blockchain\\sukhoi-chain\\backend\\node_modules\\mongoose\\lib\\drivers\\node-mongodb-native\\collection.js:142:25)\n    at listOnTimeout (node:internal/timers:605:17)\n    at process.processTimers (node:internal/timers:541:7)","timestamp":"2026-06-17 19:50:38"}
{"level":"error","message":"DB Error getting all wallets: Operation `wallets.find()` buffering timed out after 10000ms","stack":"MongooseError: Operation `wallets.find()` buffering timed out after 10000ms\n    at Timeout._onTimeout (C:\\Users\\erimb\\OneDrive\\Masaüstü\\Blockchain\\sukhoi-chain\\backend\\node_modules\\mongoose\\lib\\drivers\\node-mongodb-native\\collection.js:142:25)\n    at listOnTimeout (node:internal/timers:605:17)\n    at process.processTimers (node:internal/timers:541:7)","timestamp":"2026-06-17 19:50:48"}
{"level":"error","message":"DB Error getting count: Operation `wallets.countDocuments()` buffering timed out after 10000ms","stack":"MongooseError: Operation `wallets.countDocuments()` buffering timed out after 10000ms\n    at Timeout._onTimeout (C:\\Users\\erimb\\OneDrive\\Masaüstü\\Blockchain\\sukhoi-chain\\backend\\node_modules\\mongoose\\lib\\drivers\\node-mongodb-native\\collection.js:142:25)\n    at listOnTimeout (node:internal/timers:605:17)\n    at process.processTimers (node:internal/timers:541:7)","timestamp":"2026-06-17 19:50:48"}
{"level":"error","message":"DB Error getting all wallets: Operation `wallets.find()` buffering timed out after 10000ms","stack":"MongooseError: Operation `wallets.find()` buffering timed out after 10000ms\n    at Timeout._onTimeout (C:\\Users\\erimb\\OneDrive\\Masaüstü\\Blockchain\\sukhoi-chain\\backend\\node_modules\\mongoose\\lib\\drivers\\node-mongodb-native\\collection.js:142:25)\n    at listOnTimeout (node:internal/timers:605:17)\n    at process.processTimers (node:internal/timers:541:7)","timestamp":"2026-06-17 19:51:38"}
{"level":"error","message":"DB Error getting count: Operation `wallets.countDocuments()` buffering timed out after 10000ms","stack":"MongooseError: Operation `wallets.countDocuments()` buffering timed out after 10000ms\n    at Timeout._onTimeout (C:\\Users\\erimb\\OneDrive\\Masaüstü\\Blockchain\\sukhoi-chain\\backend\\node_modules\\mongoose\\lib\\drivers\\node-mongodb-native\\collection.js:142:25)\n    at listOnTimeout (node:internal/timers:605:17)\n    at process.processTimers (node:internal/timers:541:7)","timestamp":"2026-06-17 19:51:38"}
{"level":"error","message":"DB Error getting all wallets: Operation `wallets.find()` buffering timed out after 10000ms","stack":"MongooseError: Operation `wallets.find()` buffering timed out after 10000ms\n    at Timeout._onTimeout (C:\\Users\\erimb\\OneDrive\\Masaüstü\\Blockchain\\sukhoi-chain\\backend\\node_modules\\mongoose\\lib\\drivers\\node-mongodb-native\\collection.js:142:25)\n    at listOnTimeout (node:internal/timers:605:17)\n    at process.processTimers (node:internal/timers:541:7)","timestamp":"2026-06-17 19:51:48"}
{"level":"error","message":"DB Error getting count: Operation `wallets.countDocuments()` buffering timed out after 10000ms","stack":"MongooseError: Operation `wallets.countDocuments()` buffering timed out after 10000ms\n    at Timeout._onTimeout (C:\\Users\\erimb\\OneDrive\\Masaüstü\\Blockchain\\sukhoi-chain\\backend\\node_modules\\mongoose\\lib\\drivers\\node-mongodb-native\\collection.js:142:25)\n    at listOnTimeout (node:internal/timers:605:17)\n    at process.processTimers (node:internal/timers:541:7)","timestamp":"2026-06-17 19:51:48"}
